# JRE version: OpenJDK Runtime Environment (11.0+28) (build 11+28-201810022317)
# Java VM: OpenJDK 64-Bit Server VM (11+28-201810022317, mixed mode, tiered, compressed oops, g1 gc, windows-amd64)
Heap:
 garbage-first heap   total 189440K, used 23066K [0x0000000081a00000, 0x0000000100000000)
  region size 1024K, 8 young (8192K), 8 survivors (8192K)
 Metaspace       used 49562K, capacity 51121K, committed 51356K, reserved 1103872K
  class space    used 6303K, capacity 6879K, committed 6912K, reserved 1048576K
GC Heap History (10 events):
Event: 2.312 GC heap after
{Heap after GC invocations=7 (full 0):
 garbage-first heap   total 131072K, used 11662K [0x0000000081a00000, 0x0000000100000000)
  region size 1024K, 5 young (5120K), 5 survivors (5120K)
 Metaspace       used 24786K, capacity 25606K, committed 25776K, reserved 1071104K
  class space    used 2939K, capacity 3266K, committed 3328K, reserved 1048576K
}
Event: 3.439 GC heap before
{Heap before GC invocations=7 (full 0):
 garbage-first heap   total 131072K, used 84366K [0x0000000081a00000, 0x0000000100000000)
  region size 1024K, 76 young (77824K), 5 survivors (5120K)
 Metaspace       used 30791K, capacity 31933K, committed 32176K, reserved 1077248K
  class space    used 3865K, capacity 4300K, committed 4352K, reserved 1048576K
}
Event: 3.451 GC heap after
{Heap after GC invocations=8 (full 0):
 garbage-first heap   total 157696K, used 15331K [0x0000000081a00000, 0x0000000100000000)
  region size 1024K, 8 young (8192K), 8 survivors (8192K)
 Metaspace       used 30791K, capacity 31933K, committed 32176K, reserved 1077248K
  class space    used 3865K, capacity 4300K, committed 4352K, reserved 1048576K
}
Event: 3.710 GC heap before
{Heap before GC invocations=8 (full 0):
 garbage-first heap   total 157696K, used 100323K [0x0000000081a00000, 0x0000000100000000)
  region size 1024K, 92 young (94208K), 8 survivors (8192K)
 Metaspace       used 32779K, capacity 33929K, committed 34224K, reserved 1079296K
  class space    used 4066K, capacity 4540K, committed 4608K, reserved 1048576K
}
Event: 3.721 GC heap after
{Heap after GC invocations=9 (full 0):
 garbage-first heap   total 157696K, used 16969K [0x0000000081a00000, 0x0000000100000000)
  region size 1024K, 7 young (7168K), 7 survivors (7168K)
 Metaspace       used 32779K, capacity 33929K, committed 34224K, reserved 1079296K
  class space    used 4066K, capacity 4540K, committed 4608K, reserved 1048576K
}
Event: 4.006 GC heap before
{Heap before GC invocations=9 (full 0):
 garbage-first heap   total 157696K, used 45641K [0x0000000081a00000, 0x0000000100000000)
  region size 1024K, 37 young (37888K), 7 survivors (7168K)
 Metaspace       used 34539K, capacity 35763K, committed 35888K, reserved 1081344K
  class space    used 4263K, capacity 4730K, committed 4736K, reserved 1048576K
}
Event: 4.016 GC heap after
{Heap after GC invocations=10 (full 0):
 garbage-first heap   total 157696K, used 17838K [0x0000000081a00000, 0x0000000100000000)
  region size 1024K, 7 young (7168K), 7 survivors (7168K)
 Metaspace       used 34539K, capacity 35763K, committed 35888K, reserved 1081344K
  class space    used 4263K, capacity 4730K, committed 4736K, reserved 1048576K
}
Event: 4.426 GC heap before
{Heap before GC invocations=11 (full 0):
 garbage-first heap   total 157696K, used 36270K [0x0000000081a00000, 0x0000000100000000)
  region size 1024K, 26 young (26624K), 7 survivors (7168K)
 Metaspace       used 39555K, capacity 40822K, committed 40860K, reserved 1095680K
  class space    used 4859K, capacity 5352K, committed 5376K, reserved 1048576K
}
Event: 4.437 GC heap after
{Heap after GC invocations=12 (full 0):
 garbage-first heap   total 157696K, used 19556K [0x0000000081a00000, 0x0000000100000000)
  region size 1024K, 9 young (9216K), 9 survivors (9216K)
 Metaspace       used 39555K, capacity 40822K, committed 40860K, reserved 1095680K
  class space    used 4859K, capacity 5352K, committed 5376K, reserved 1048576K
}
Event: 6.256 GC heap before
{Heap before GC invocations=13 (full 0):
 garbage-first heap   total 157696K, used 104548K [0x0000000081a00000, 0x0000000100000000)
  region size 1024K, 92 young (94208K), 9 survivors (9216K)
 Metaspace       used 49562K, capacity 51121K, committed 51356K, reserved 1103872K
  class space    used 6303K, capacity 6879K, committed 6912K, reserved 1048576K
}

